Using pre-set license
Built from '2021.3/staging' branch; Version is '2021.3.18f1 (3129e69bc0c7) revision 3221990'; Using compiler version '192829333'; Build Type 'Release'
OS: 'Windows 11  (10.0.22621) 64bit CoreSingleLanguage' Language: 'en' Physical Memory: 16170 MB
BatchMode: 1, IsHumanControllingUs: 0, StartBugReporterOnCrash: 0, Is64bit: 1, IsPro: 1

COMMAND LINE ARGUMENTS:
C:\Program Files\Unity\Hub\Editor\2021.3.18f1-x86_64\Editor\Unity.exe
-adb2
-batchMode
-noUpm
-name
AssetImportWorker1
-projectPath
C:/Users/vinee/Unity_Cloud_Build
-logFile
Logs/AssetImportWorker1.log
-srvPort
51180
Successfully changed project path to: C:/Users/vinee/Unity_Cloud_Build
C:/Users/vinee/Unity_Cloud_Build
[UnityMemory] Configuration Parameters - Can be set up in boot.config
    "memorysetup-bucket-allocator-granularity=16"
    "memorysetup-bucket-allocator-bucket-count=8"
    "memorysetup-bucket-allocator-block-size=33554432"
    "memorysetup-bucket-allocator-block-count=8"
    "memorysetup-main-allocator-block-size=16777216"
    "memorysetup-thread-allocator-block-size=16777216"
    "memorysetup-gfx-main-allocator-block-size=16777216"
    "memorysetup-gfx-thread-allocator-block-size=16777216"
    "memorysetup-cache-allocator-block-size=4194304"
    "memorysetup-typetree-allocator-block-size=2097152"
    "memorysetup-profiler-bucket-allocator-granularity=16"
    "memorysetup-profiler-bucket-allocator-bucket-count=8"
    "memorysetup-profiler-bucket-allocator-block-size=33554432"
    "memorysetup-profiler-bucket-allocator-block-count=8"
    "memorysetup-profiler-allocator-block-size=16777216"
    "memorysetup-profiler-editor-allocator-block-size=1048576"
    "memorysetup-temp-allocator-size-main=16777216"
    "memorysetup-job-temp-allocator-block-size=2097152"
    "memorysetup-job-temp-allocator-block-size-background=1048576"
    "memorysetup-job-temp-allocator-reduction-small-platforms=262144"
    "memorysetup-temp-allocator-size-background-worker=32768"
    "memorysetup-temp-allocator-size-job-worker=262144"
    "memorysetup-temp-allocator-size-preload-manager=33554432"
    "memorysetup-temp-allocator-size-nav-mesh-worker=65536"
    "memorysetup-temp-allocator-size-audio-worker=65536"
    "memorysetup-temp-allocator-size-cloud-worker=32768"
    "memorysetup-temp-allocator-size-gi-baking-worker=262144"
    "memorysetup-temp-allocator-size-gfx=262144"
Player connection [1328] Host "[IP] 192.168.56.1 [Port] 0 [Flags] 2 [Guid] 2894811968 [EditorId] 2894811968 [Version] 1048832 [Id] WindowsEditor(7,LAPTOP-URG39VAE) [Debug] 1 [PackageName] WindowsEditor [ProjectName] Editor" joined multi-casting on [225.0.0.222:54997]...

Player connection [1328] Host "[IP] 192.168.56.1 [Port] 0 [Flags] 2 [Guid] 2894811968 [EditorId] 2894811968 [Version] 1048832 [Id] WindowsEditor(7,LAPTOP-URG39VAE) [Debug] 1 [PackageName] WindowsEditor [ProjectName] Editor" joined alternative multi-casting on [225.0.0.222:34997]...

Refreshing native plugins compatible for Editor in 89.08 ms, found 3 plugins.
Preloading 0 native plugins for Editor in 0.00 ms.
Initialize engine version: 2021.3.18f1 (3129e69bc0c7)
[Subsystems] Discovering subsystems at path C:/Program Files/Unity/Hub/Editor/2021.3.18f1-x86_64/Editor/Data/Resources/UnitySubsystems
[Subsystems] Discovering subsystems at path C:/Users/vinee/Unity_Cloud_Build/Assets
GfxDevice: creating device client; threaded=0; jobified=0
Direct3D:
    Version:  Direct3D 11.0 [level 11.1]
    Renderer: NVIDIA GeForce GTX 1650 Ti (ID=0x1f95)
    Vendor:   NVIDIA
    VRAM:     3949 MB
    Driver:   31.0.15.2802
Initialize mono
Mono path[0] = 'C:/Program Files/Unity/Hub/Editor/2021.3.18f1-x86_64/Editor/Data/Managed'
Mono path[1] = 'C:/Program Files/Unity/Hub/Editor/2021.3.18f1-x86_64/Editor/Data/MonoBleedingEdge/lib/mono/unityjit-win32'
Mono config path = 'C:/Program Files/Unity/Hub/Editor/2021.3.18f1-x86_64/Editor/Data/MonoBleedingEdge/etc'
Using monoOptions --debugger-agent=transport=dt_socket,embedding=1,server=y,suspend=n,address=127.0.0.1:56084
Begin MonoManager ReloadAssembly
Registering precompiled unity dll's ...
Register platform support module: C:/Program Files/Unity/Hub/Editor/2021.3.18f1-x86_64/Editor/Data/PlaybackEngines/WindowsStandaloneSupport/UnityEditor.WindowsStandalone.Extensions.dll
Registered in 0.005815 seconds.
Native extension for WindowsStandalone target not found
Refreshing native plugins compatible for Editor in 90.48 ms, found 3 plugins.
Preloading 0 native plugins for Editor in 0.00 ms.
Mono: successfully reloaded assembly
- Completed reload, in  0.772 seconds
Domain Reload Profiling:
	ReloadAssembly (772ms)
		BeginReloadAssembly (111ms)
			ExecutionOrderSort (0ms)
			DisableScriptedObjects (0ms)
			BackupInstance (0ms)
			ReleaseScriptingObjects (0ms)
			CreateAndSetChildDomain (1ms)
		EndReloadAssembly (529ms)
			LoadAssemblies (108ms)
			RebuildTransferFunctionScriptingTraits (0ms)
			SetupTypeCache (133ms)
			ReleaseScriptCaches (0ms)
			RebuildScriptCaches (33ms)
			SetupLoadedEditorAssemblies (300ms)
				LogAssemblyErrors (0ms)
				InitializePlatformSupportModulesInManaged (8ms)
				SetLoadedEditorAssemblies (0ms)
				RefreshPlugins (91ms)
				BeforeProcessingInitializeOnLoad (1ms)
				ProcessInitializeOnLoadAttributes (145ms)
				ProcessInitializeOnLoadMethodAttributes (54ms)
				AfterProcessingInitializeOnLoad (0ms)
				EditorAssembliesLoaded (0ms)
			ExecutionOrderSort2 (0ms)
			AwakeInstancesAfterBackupRestoration (0ms)
Platform modules already initialized, skipping
Registering precompiled user dll's ...
Registered in 0.009480 seconds.
Begin MonoManager ReloadAssembly
Symbol file LoadedFromMemory doesn't match image C:\Users\vinee\Unity_Cloud_Build\Library\PackageCache\com.unity.visualscripting@1.8.0\Editor\VisualScripting.Core\Dependencies\YamlDotNet\Unity.VisualScripting.YamlDotNet.dll
Symbol file LoadedFromMemory doesn't match image C:\Users\vinee\Unity_Cloud_Build\Library\PackageCache\com.unity.visualscripting@1.8.0\Editor\VisualScripting.Core\Dependencies\DotNetZip\Unity.VisualScripting.IonicZip.dll
Native extension for WindowsStandalone target not found
Refreshing native plugins compatible for Editor in 0.56 ms, found 3 plugins.
Preloading 0 native plugins for Editor in 0.00 ms.
Mono: successfully reloaded assembly
- Completed reload, in  1.267 seconds
Domain Reload Profiling:
	ReloadAssembly (1268ms)
		BeginReloadAssembly (158ms)
			ExecutionOrderSort (0ms)
			DisableScriptedObjects (7ms)
			BackupInstance (0ms)
			ReleaseScriptingObjects (0ms)
			CreateAndSetChildDomain (21ms)
		EndReloadAssembly (976ms)
			LoadAssemblies (130ms)
			RebuildTransferFunctionScriptingTraits (0ms)
			SetupTypeCache (333ms)
			ReleaseScriptCaches (1ms)
			RebuildScriptCaches (92ms)
			SetupLoadedEditorAssemblies (392ms)
				LogAssemblyErrors (0ms)
				InitializePlatformSupportModulesInManaged (5ms)
				SetLoadedEditorAssemblies (1ms)
				RefreshPlugins (1ms)
				BeforeProcessingInitializeOnLoad (95ms)
				ProcessInitializeOnLoadAttributes (258ms)
				ProcessInitializeOnLoadMethodAttributes (24ms)
				AfterProcessingInitializeOnLoad (9ms)
				EditorAssembliesLoaded (0ms)
			ExecutionOrderSort2 (0ms)
			AwakeInstancesAfterBackupRestoration (7ms)
Platform modules already initialized, skipping
========================================================================
Worker process is ready to serve import requests
Launched and connected shader compiler UnityShaderCompiler.exe after 0.29 seconds
Refreshing native plugins compatible for Editor in 0.52 ms, found 3 plugins.
Preloading 0 native plugins for Editor in 0.00 ms.
Unloading 3048 Unused Serialized files (Serialized files now loaded: 0)
Unloading 24 unused Assets / (113.5 KB). Loaded Objects now: 3508.
Memory consumption went from 107.4 MB to 107.3 MB.
Total: 3.166600 ms (FindLiveObjects: 0.244000 ms CreateObjectMapping: 0.186700 ms MarkObjects: 2.630500 ms  DeleteObjects: 0.104500 ms)

AssetImportParameters requested are different than current active one (requested -> active):
  custom:video-decoder-ogg-theora: a1e56fd34408186e4bbccfd4996cb3dc -> 
  custom:container-muxer-webm: aa71ff27fc2769a1b78a27578f13a17b -> 
  custom:container-demuxer-webm: 4f35f7cbe854078d1ac9338744f61a02 -> 
  custom:video-encoder-webm-vp8: eb34c28f22e8b96e1ab97ce403110664 -> 
  custom:video-codec-MediaFoundation-h265: 746d11721c4dcdbdad8f713fa42b33f4 -> 
  custom:audio-encoder-webm-vorbis: bf7c407c2cedff20999df2af8eb42d56 -> 
  custom:framework-win-MediaFoundation: 216162199b28c13a410421893ffa2e32 -> 
  custom:container-demuxer-ogg: 62fdf1f143b41e24485cea50d1cbac27 -> 
  custom:video-decoder-webm-vp8: 9c59270c3fd7afecdb556c50c9e8de78 -> 
  custom:audio-decoder-ogg-vorbis: bf7c407c2cedff20999df2af8eb42d56 -> 
========================================================================
Received Import Request.
  Time since last request: 794949.481518 seconds.
  path: Assets
  artifactKey: Guid(00000000000000001000000000000000) Importer(815301076,1909f56bfc062723c751e8b465ee728b)
Start importing Assets using Guid(00000000000000001000000000000000) Importer(815301076,1909f56bfc062723c751e8b465ee728b)  -> (artifact id: '79842766b460edbeab6a34051e857a80') in 0.086487 seconds 
========================================================================
Received Import Request.
  Time since last request: 59.272491 seconds.
  path: Assets/1. Auniati Satra/A1.JPG
  artifactKey: Guid(c406c0f37dad3f645afacdbdab89cffb) Importer(815301076,1909f56bfc062723c751e8b465ee728b)
Start importing Assets/1. Auniati Satra/A1.JPG using Guid(c406c0f37dad3f645afacdbdab89cffb) Importer(815301076,1909f56bfc062723c751e8b465ee728b)  -> (artifact id: '115556925364ce5204956a6823ad65a6') in 0.129050 seconds 
========================================================================
Received Import Request.
  Time since last request: 0.000045 seconds.
  path: Assets/1. Auniati Satra/A20.JPG
  artifactKey: Guid(f60fce36a4125024bb68e21d1b2e35b4) Importer(815301076,1909f56bfc062723c751e8b465ee728b)
Start importing Assets/1. Auniati Satra/A20.JPG using Guid(f60fce36a4125024bb68e21d1b2e35b4) Importer(815301076,1909f56bfc062723c751e8b465ee728b)  -> (artifact id: '1ce106685c9650d47f8683fa6052c6b6') in 0.020305 seconds 
========================================================================
Received Import Request.
  Time since last request: 0.000037 seconds.
  path: Assets/1. Auniati Satra/A33.JPG
  artifactKey: Guid(3eeca53dc1a790c4aa6844c88355124e) Importer(815301076,1909f56bfc062723c751e8b465ee728b)
Start importing Assets/1. Auniati Satra/A33.JPG using Guid(3eeca53dc1a790c4aa6844c88355124e) Importer(815301076,1909f56bfc062723c751e8b465ee728b)  -> (artifact id: 'e37ec40bb5f0db1513cc017c52ed69f4') in 0.019572 seconds 
========================================================================
Received Import Request.
  Time since last request: 0.000056 seconds.
  path: Assets/1. Auniati Satra/A10.5.JPG
  artifactKey: Guid(937ecb6a512c8b740a02c46dac18b918) Importer(815301076,1909f56bfc062723c751e8b465ee728b)
Start importing Assets/1. Auniati Satra/A10.5.JPG using Guid(937ecb6a512c8b740a02c46dac18b918) Importer(815301076,1909f56bfc062723c751e8b465ee728b)  -> (artifact id: '0db9f1ec344a854982d05f2513cb650c') in 0.020210 seconds 
========================================================================
Received Import Request.
  Time since last request: 0.000029 seconds.
  path: Assets/1. Auniati Satra/A16.JPG
  artifactKey: Guid(3fcff46bd49efe84eb18d22dca15e421) Importer(815301076,1909f56bfc062723c751e8b465ee728b)
Start importing Assets/1. Auniati Satra/A16.JPG using Guid(3fcff46bd49efe84eb18d22dca15e421) Importer(815301076,1909f56bfc062723c751e8b465ee728b)  -> (artifact id: 'd50e51d81c21afb1d32740d4fb82d289') in 0.023519 seconds 
========================================================================
Received Import Request.
  Time since last request: 0.000041 seconds.
  path: Assets/1. Auniati Satra/A10.13.JPG
  artifactKey: Guid(af5b50d865d686f45a248d64914dbef1) Importer(815301076,1909f56bfc062723c751e8b465ee728b)
Start importing Assets/1. Auniati Satra/A10.13.JPG using Guid(af5b50d865d686f45a248d64914dbef1) Importer(815301076,1909f56bfc062723c751e8b465ee728b)  -> (artifact id: '731dda2db42830249fd70eddd7333dd0') in 0.018290 seconds 
========================================================================
Received Import Request.
  Time since last request: 0.000032 seconds.
  path: Assets/1. Auniati Satra/A28.JPG
  artifactKey: Guid(2492489cda4154f40a64c56e7ba44e6d) Importer(815301076,1909f56bfc062723c751e8b465ee728b)
Start importing Assets/1. Auniati Satra/A28.JPG using Guid(2492489cda4154f40a64c56e7ba44e6d) Importer(815301076,1909f56bfc062723c751e8b465ee728b)  -> (artifact id: '65c8fb7915a582f8f7910518403502af') in 0.015012 seconds 
========================================================================
Received Import Request.
  Time since last request: 0.000033 seconds.
  path: Assets/1. Auniati Satra/A30.JPG
  artifactKey: Guid(8f648bf02fe8c9d48a9a0389a043ae56) Importer(815301076,1909f56bfc062723c751e8b465ee728b)
Start importing Assets/1. Auniati Satra/A30.JPG using Guid(8f648bf02fe8c9d48a9a0389a043ae56) Importer(815301076,1909f56bfc062723c751e8b465ee728b)  -> (artifact id: '39c2206f6d21e45eea61ee709d8c738c') in 0.020323 seconds 
========================================================================
Received Import Request.
  Time since last request: 0.000036 seconds.
  path: Assets/1. Auniati Satra/A10.9.JPG
  artifactKey: Guid(bf897826bfeedfe49adde307ac3d18e3) Importer(815301076,1909f56bfc062723c751e8b465ee728b)
Start importing Assets/1. Auniati Satra/A10.9.JPG using Guid(bf897826bfeedfe49adde307ac3d18e3) Importer(815301076,1909f56bfc062723c751e8b465ee728b)  -> (artifact id: '2eced77b5c92fe7c78e813fefa18f6a4') in 0.013657 seconds 
========================================================================
Received Import Request.
  Time since last request: 0.000043 seconds.
  path: Assets/1. Auniati Satra/A10.1.JPG
  artifactKey: Guid(909548a679add1247806f4c7c8808db2) Importer(815301076,1909f56bfc062723c751e8b465ee728b)
Start importing Assets/1. Auniati Satra/A10.1.JPG using Guid(909548a679add1247806f4c7c8808db2) Importer(815301076,1909f56bfc062723c751e8b465ee728b)  -> (artifact id: 'd3b0cc2a6bb768d9e74d8c96a0262151') in 0.015554 seconds 
========================================================================
Received Import Request.
  Time since last request: 0.000040 seconds.
  path: Assets/1. Auniati Satra/A10.12.JPG
  artifactKey: Guid(68680eecf1989ab4d90bdd68d3699b88) Importer(815301076,1909f56bfc062723c751e8b465ee728b)
Start importing Assets/1. Auniati Satra/A10.12.JPG using Guid(68680eecf1989ab4d90bdd68d3699b88) Importer(815301076,1909f56bfc062723c751e8b465ee728b)  -> (artifact id: 'a606ce5665e2915010e69f72d5078379') in 0.018917 seconds 
========================================================================
Received Import Request.
  Time since last request: 0.000050 seconds.
  path: Assets/1. Auniati Satra/A10.8.JPG
  artifactKey: Guid(d17878d460f16b3408433690dd082039) Importer(815301076,1909f56bfc062723c751e8b465ee728b)
Start importing Assets/1. Auniati Satra/A10.8.JPG using Guid(d17878d460f16b3408433690dd082039) Importer(815301076,1909f56bfc062723c751e8b465ee728b)  -> (artifact id: '75f3c3a095606779357281fc9a53302c') in 0.128169 seconds 
========================================================================
Received Import Request.
  Time since last request: 0.000365 seconds.
  path: Assets/1. Auniati Satra/A10.JPG
  artifactKey: Guid(d26f292ac18ffab419de297dae181ebc) Importer(815301076,1909f56bfc062723c751e8b465ee728b)
Start importing Assets/1. Auniati Satra/A10.JPG using Guid(d26f292ac18ffab419de297dae181ebc) Importer(815301076,1909f56bfc062723c751e8b465ee728b)  -> (artifact id: '66327c24003ffbac1e147ef2ba79e4a4') in 0.022893 seconds 
========================================================================
Received Import Request.
  Time since last request: 0.000051 seconds.
  path: Assets/1. Auniati Satra/A10.4.JPG
  artifactKey: Guid(b95d12c98597a324e88d8d902d33ca77) Importer(815301076,1909f56bfc062723c751e8b465ee728b)
Start importing Assets/1. Auniati Satra/A10.4.JPG using Guid(b95d12c98597a324e88d8d902d33ca77) Importer(815301076,1909f56bfc062723c751e8b465ee728b)  -> (artifact id: '342e9738050afc17e0fb53329a5fa7d1') in 0.022131 seconds 
========================================================================
Received Import Request.
  Time since last request: 0.000059 seconds.
  path: Assets/1. Auniati Satra/A2.JPG
  artifactKey: Guid(ed630dc51640fb547bd7ba310a9e3236) Importer(815301076,1909f56bfc062723c751e8b465ee728b)
Start importing Assets/1. Auniati Satra/A2.JPG using Guid(ed630dc51640fb547bd7ba310a9e3236) Importer(815301076,1909f56bfc062723c751e8b465ee728b)  -> (artifact id: '9dd28e4c8416c90bf9d12fd16ee88691') in 0.022261 seconds 
========================================================================
Received Import Request.
  Time since last request: 0.000038 seconds.
  path: Assets/1. Auniati Satra/A6.JPG
  artifactKey: Guid(0e6cd722321a85746a967bc604385ccc) Importer(815301076,1909f56bfc062723c751e8b465ee728b)
Start importing Assets/1. Auniati Satra/A6.JPG using Guid(0e6cd722321a85746a967bc604385ccc) Importer(815301076,1909f56bfc062723c751e8b465ee728b)  -> (artifact id: 'd0e10b8f9d0ae8a83731d355be7b1e01') in 0.137755 seconds 
========================================================================
Received Import Request.
  Time since last request: 0.000084 seconds.
  path: Assets/1. Auniati Satra/A24.JPG
  artifactKey: Guid(6ec4e3bb101f3c04b84c0022a1bec71e) Importer(815301076,1909f56bfc062723c751e8b465ee728b)
Start importing Assets/1. Auniati Satra/A24.JPG using Guid(6ec4e3bb101f3c04b84c0022a1bec71e) Importer(815301076,1909f56bfc062723c751e8b465ee728b)  -> (artifact id: '7f6225d5af5c6397f665d0d065fa1020') in 0.025385 seconds 
========================================================================
Received Import Request.
  Time since last request: 0.000068 seconds.
  path: Assets/1. Auniati Satra/A27.JPG
  artifactKey: Guid(12a826c7d2065174c9f77ad5c38775c6) Importer(815301076,1909f56bfc062723c751e8b465ee728b)
Start importing Assets/1. Auniati Satra/A27.JPG using Guid(12a826c7d2065174c9f77ad5c38775c6) Importer(815301076,1909f56bfc062723c751e8b465ee728b)  -> (artifact id: 'f94aed5e9aa171ab7926333858e2b512') in 0.021350 seconds 
========================================================================
Received Import Request.
  Time since last request: 0.000047 seconds.
  path: Assets/1. Auniati Satra/A10.6.JPG
  artifactKey: Guid(831335adbbe63d941963d86fe8aff148) Importer(815301076,1909f56bfc062723c751e8b465ee728b)
Start importing Assets/1. Auniati Satra/A10.6.JPG using Guid(831335adbbe63d941963d86fe8aff148) Importer(815301076,1909f56bfc062723c751e8b465ee728b)  -> (artifact id: '6d619997a681356ed2672d4a33be1f65') in 0.023288 seconds 
========================================================================
Received Import Request.
  Time since last request: 0.000042 seconds.
  path: Assets/1. Auniati Satra/A17.JPG
  artifactKey: Guid(9ebfb353268c74b4385518ddd1ab38cd) Importer(815301076,1909f56bfc062723c751e8b465ee728b)
Start importing Assets/1. Auniati Satra/A17.JPG using Guid(9ebfb353268c74b4385518ddd1ab38cd) Importer(815301076,1909f56bfc062723c751e8b465ee728b)  -> (artifact id: '442649e4dc729eb2f2b1ab9c86a0e7a3') in 0.022975 seconds 
========================================================================
Received Import Request.
  Time since last request: 0.000045 seconds.
  path: Assets/1. Auniati Satra/A34.JPG
  artifactKey: Guid(0b6ca738fc029cd41b39dffa8162304a) Importer(815301076,1909f56bfc062723c751e8b465ee728b)
Start importing Assets/1. Auniati Satra/A34.JPG using Guid(0b6ca738fc029cd41b39dffa8162304a) Importer(815301076,1909f56bfc062723c751e8b465ee728b)  -> (artifact id: '3de43dc0041b8bb2abf8afb05f2e2adb') in 0.021534 seconds 
========================================================================
Received Import Request.
  Time since last request: 0.000044 seconds.
  path: Assets/1. Auniati Satra/A35.JPG
  artifactKey: Guid(09e4d0331fb04f9438dd907bf29f7eed) Importer(815301076,1909f56bfc062723c751e8b465ee728b)
Start importing Assets/1. Auniati Satra/A35.JPG using Guid(09e4d0331fb04f9438dd907bf29f7eed) Importer(815301076,1909f56bfc062723c751e8b465ee728b)  -> (artifact id: '334e39eb8ae6fe3a04d393a5e2b0b34d') in 0.024941 seconds 
========================================================================
Received Import Request.
  Time since last request: 0.000041 seconds.
  path: Assets/1. Auniati Satra/A10.3.JPG
  artifactKey: Guid(654f51503032fe347815f326839a0a7d) Importer(815301076,1909f56bfc062723c751e8b465ee728b)
Start importing Assets/1. Auniati Satra/A10.3.JPG using Guid(654f51503032fe347815f326839a0a7d) Importer(815301076,1909f56bfc062723c751e8b465ee728b)  -> (artifact id: '24cac41abfd4e358fc0f38d38ea74caa') in 0.019320 seconds 
Editor requested this worker to shutdown with reason: Scaling down because of idle timeout
AssetImportWorker is now disconnected from the server
Process exiting
Exiting without the bug reporter. Application will terminate with return code 0